0 info it worked if it ends with ok
1 verbose cli [ 'C:\\Program Files\\nodejs\\node.exe',
1 verbose cli   'C:\\Users\\Donal\\AppData\\Roaming\\npm\\node_modules\\npm\\bin\\npm-cli.js',
1 verbose cli   'publish' ]
2 info using npm@4.0.2
3 info using node@v6.9.1
4 verbose publish [ '.' ]
5 silly cache add args [ '.', null ]
6 verbose cache add spec .
7 silly cache add parsed spec Result {
7 silly cache add   raw: '.',
7 silly cache add   scope: null,
7 silly cache add   escapedName: null,
7 silly cache add   name: null,
7 silly cache add   rawSpec: '.',
7 silly cache add   spec: 'C:\\Users\\Donal\\PycharmProjects\\plugger',
7 silly cache add   type: 'directory' }
8 verbose addLocalDirectory C:\Users\Donal\AppData\Roaming\npm-cache\pluggerbox\0.0.1\package.tgz not in flight; packing
9 verbose correctMkdir C:\Users\Donal\AppData\Roaming\npm-cache correctMkdir not in flight; initializing
10 info lifecycle pluggerbox@0.0.1~prepublish: pluggerbox@0.0.1
11 silly lifecycle pluggerbox@0.0.1~prepublish: no script for prepublish, continuing
12 info lifecycle pluggerbox@0.0.1~prepare: pluggerbox@0.0.1
13 silly lifecycle pluggerbox@0.0.1~prepare: no script for prepare, continuing
14 verbose tar pack [ 'C:\\Users\\Donal\\AppData\\Roaming\\npm-cache\\pluggerbox\\0.0.1\\package.tgz',
14 verbose tar pack   'C:\\Users\\Donal\\PycharmProjects\\plugger' ]
15 verbose tarball C:\Users\Donal\AppData\Roaming\npm-cache\pluggerbox\0.0.1\package.tgz
16 verbose folder C:\Users\Donal\PycharmProjects\plugger
17 verbose addLocalTarball adding from inside cache C:\Users\Donal\AppData\Roaming\npm-cache\pluggerbox\0.0.1\package.tgz
18 verbose correctMkdir C:\Users\Donal\AppData\Roaming\npm-cache correctMkdir not in flight; initializing
19 silly cache afterAdd pluggerbox@0.0.1
20 verbose afterAdd C:\Users\Donal\AppData\Roaming\npm-cache\pluggerbox\0.0.1\package\package.json not in flight; writing
21 verbose correctMkdir C:\Users\Donal\AppData\Roaming\npm-cache correctMkdir not in flight; initializing
22 verbose afterAdd C:\Users\Donal\AppData\Roaming\npm-cache\pluggerbox\0.0.1\package\package.json written
23 silly publish { name: 'pluggerbox',
23 silly publish   version: '0.0.1',
23 silly publish   title: 'this and that',
23 silly publish   author:
23 silly publish    { name: 'Barney Rubble',
23 silly publish      email: 'b@rubble.com',
23 silly publish      url: 'http://barnyrubble.tumblr.com/' },
23 silly publish   licenses:
23 silly publish    [ { type: 'GPLv2',
23 silly publish        url: 'http://www.example.com/licenses/gpl.html' } ],
23 silly publish   dependencies: { jquery: '*' },
23 silly publish   description: 'testing plugin publish process',
23 silly publish   main: 'test.js',
23 silly publish   scripts: { test: 'plgr' },
23 silly publish   repository:
23 silly publish    { type: 'git',
23 silly publish      url: 'git+https://github.com/carverdo/plugger.git' },
23 silly publish   keywords: [ 'jquery-plugin', 'ecosystem:jquery' ],
23 silly publish   license: 'ISC',
23 silly publish   bugs: { url: 'https://github.com/carverdo/plugger/issues' },
23 silly publish   homepage: 'https://github.com/carverdo/plugger#readme',
23 silly publish   readme: '# plugger\r\ntesting plugin publish process\r\n',
23 silly publish   readmeFilename: 'README.md',
23 silly publish   gitHead: 'cb6f7f23b79313980ce3ffd0a04200ff48a54370',
23 silly publish   _id: 'pluggerbox@0.0.1',
23 silly publish   _shasum: '272a112fa290c0e77cf0f8f716a94bf7c3ec002f',
23 silly publish   _from: '.' }
24 info lifecycle pluggerbox@0.0.1~prepublishOnly: pluggerbox@0.0.1
25 silly lifecycle pluggerbox@0.0.1~prepublishOnly: no script for prepublishOnly, continuing
26 verbose getPublishConfig undefined
27 silly mapToRegistry name pluggerbox
28 silly mapToRegistry using default registry
29 silly mapToRegistry registry https://registry.npmjs.org/
30 silly mapToRegistry data Result {
30 silly mapToRegistry   raw: 'pluggerbox',
30 silly mapToRegistry   scope: null,
30 silly mapToRegistry   escapedName: 'pluggerbox',
30 silly mapToRegistry   name: 'pluggerbox',
30 silly mapToRegistry   rawSpec: '',
30 silly mapToRegistry   spec: 'latest',
30 silly mapToRegistry   type: 'tag' }
31 silly mapToRegistry uri https://registry.npmjs.org/pluggerbox
32 verbose publish registryBase https://registry.npmjs.org/
33 silly publish uploading C:\Users\Donal\AppData\Roaming\npm-cache\pluggerbox\0.0.1\package.tgz
34 verbose request uri https://registry.npmjs.org/pluggerbox
35 verbose request sending authorization for write operation
36 info attempt registry request try #1 at 4:37:01 PM
37 verbose request using bearer token for auth
38 verbose request id e12a4712e0c8a735
39 http request PUT https://registry.npmjs.org/pluggerbox
40 http 403 https://registry.npmjs.org/pluggerbox
41 verbose headers { 'content-type': 'application/json',
41 verbose headers   'cache-control': 'max-age=300',
41 verbose headers   'content-length': '95',
41 verbose headers   'accept-ranges': 'bytes',
41 verbose headers   date: 'Wed, 23 Nov 2016 16:37:44 GMT',
41 verbose headers   via: '1.1 varnish',
41 verbose headers   connection: 'keep-alive',
41 verbose headers   'x-served-by': 'cache-lhr6348-LHR',
41 verbose headers   'x-cache': 'MISS',
41 verbose headers   'x-cache-hits': '0',
41 verbose headers   'x-timer': 'S1479919063.247027,VS0,VE1201',
41 verbose headers   vary: 'Accept-Encoding' }
42 verbose request invalidating C:\Users\Donal\AppData\Roaming\npm-cache\registry.npmjs.org\pluggerbox on PUT
43 error publish Failed PUT 403
44 verbose stack Error: "You cannot publish over the previously published version 0.0.1." : pluggerbox
44 verbose stack     at makeError (C:\Users\Donal\AppData\Roaming\npm\node_modules\npm\node_modules\npm-registry-client\lib\request.js:302:12)
44 verbose stack     at CachingRegistryClient.<anonymous> (C:\Users\Donal\AppData\Roaming\npm\node_modules\npm\node_modules\npm-registry-client\lib\request.js:290:14)
44 verbose stack     at Request._callback (C:\Users\Donal\AppData\Roaming\npm\node_modules\npm\node_modules\npm-registry-client\lib\request.js:210:14)
44 verbose stack     at Request.self.callback (C:\Users\Donal\AppData\Roaming\npm\node_modules\npm\node_modules\request\request.js:186:22)
44 verbose stack     at emitTwo (events.js:106:13)
44 verbose stack     at Request.emit (events.js:191:7)
44 verbose stack     at Request.<anonymous> (C:\Users\Donal\AppData\Roaming\npm\node_modules\npm\node_modules\request\request.js:1081:10)
44 verbose stack     at emitOne (events.js:96:13)
44 verbose stack     at Request.emit (events.js:188:7)
44 verbose stack     at IncomingMessage.<anonymous> (C:\Users\Donal\AppData\Roaming\npm\node_modules\npm\node_modules\request\request.js:1001:12)
45 verbose statusCode 403
46 verbose pkgid pluggerbox
47 verbose cwd C:\Users\Donal\PycharmProjects\plugger
48 error Windows_NT 10.0.14393
49 error argv "C:\\Program Files\\nodejs\\node.exe" "C:\\Users\\Donal\\AppData\\Roaming\\npm\\node_modules\\npm\\bin\\npm-cli.js" "publish"
50 error node v6.9.1
51 error npm  v4.0.2
52 error code E403
53 error "You cannot publish over the previously published version 0.0.1." : pluggerbox
54 error If you need help, you may report this error at:
54 error     <https://github.com/npm/npm/issues>
55 verbose exit [ 1, true ]
